<?xml version="1.0" encoding="UTF-8"?>
<!-- Generated by org.testng.reporters.JUnitXMLReporter -->
<testsuite hostname="DESKTOP-KQR3QA8" ignored="0" name="Test" tests="3" failures="1" timestamp="13 Nov 2021 23:46:29 GMT" time="92.478" errors="0">
  <testcase name="initGoogle" time="74.074" classname="extendReports.Test1">
    <failure type="java.lang.AssertionError" message="expected [Google] but found [Something]">
      <![CDATA[java.lang.AssertionError: expected [Google] but found [Something]
at extendReports.Test1.initGoogle(Test1.java:20)
at java.util.concurrent.ThreadPoolExecutor.runWorker(Unknown Source)
at java.util.concurrent.ThreadPoolExecutor$Worker.run(Unknown Source)
at java.lang.Thread.run(Unknown Source)
... Removed 16 stack frames]]>
    </failure>
  </testcase> <!-- initGoogle -->
  <testcase name="initFacebook" time="86.281" classname="extendReports.Test2"/>
  <testcase name="initOracle" time="92.405" classname="extendReports.Test3"/>
</testsuite> <!-- Test -->
